<?xml version="1.0" encoding="UTF-8"?>
<!-- Generated by org.testng.reporters.JUnitXMLReporter -->
<testsuite hostname="NIKHIL-PC" ignored="0" name="SubmitOrderTest" tests="3" failures="0" timestamp="2023-09-01T19:13:51 IST" time="59.256" errors="0">
  <testcase name="SubmitOrder" time="11.234" classname="SeleniumAutomation.tests.SubmitOrderTest2"/>
  <testcase name="SubmitOrder" time="13.871" classname="SeleniumAutomation.tests.SubmitOrderTest2"/>
  <testcase name="OrderHistoryTest" time="2.721" classname="SeleniumAutomation.tests.SubmitOrderTest2"/>
</testsuite> <!-- SubmitOrderTest -->
